0 info it worked if it ends with ok
1 verbose cli [ 'node',
1 verbose cli   'C:\\Users\\liauw\\AppData\\Roaming\\npm\\node_modules\\cnpm\\node_modules\\npm\\bin\\npm-cli.js',
1 verbose cli   '--userconfig=C:\\Users\\liauw\\.cnpmrc',
1 verbose cli   '--disturl=https://npm.taobao.org/mirrors/node',
1 verbose cli   '--cache=C:\\Users\\liauw\\.cnpm',
1 verbose cli   '--registry=https://registry.npm.taobao.org',
1 verbose cli   '--node-gyp=C:\\Users\\liauw\\AppData\\Roaming\\npm\\node_modules\\cnpm\\node_modules\\node-gyp\\bin\\node-gyp.js',
1 verbose cli   'update',
1 verbose cli   '-g',
1 verbose cli   'cordova',
1 verbose cli   'ionic' ]
2 info using npm@2.14.12
3 info using node@v0.12.7
4 silly mapToRegistry name ionic
5 silly mapToRegistry using default registry
6 silly mapToRegistry registry https://registry.npm.taobao.org/
7 silly mapToRegistry uri https://registry.npm.taobao.org/ionic
8 silly mapToRegistry name cordova
9 silly mapToRegistry using default registry
10 silly mapToRegistry registry https://registry.npm.taobao.org/
11 silly mapToRegistry uri https://registry.npm.taobao.org/cordova
12 verbose request uri https://registry.npm.taobao.org/cordova
13 verbose request no auth needed
14 info attempt registry request try #1 at 11:24:52
15 verbose request id bf0c4ead060e78e3
16 verbose etag "74f1b-6qA7lgDO93h1QHWi14o92A"
17 http request GET https://registry.npm.taobao.org/cordova
18 verbose request uri https://registry.npm.taobao.org/ionic
19 verbose request no auth needed
20 info attempt registry request try #1 at 11:24:52
21 verbose etag "a208a-VA/ePyropHKhaAKWNBFHXg"
22 http request GET https://registry.npm.taobao.org/ionic
23 http 200 https://registry.npm.taobao.org/ionic
24 verbose headers { date: 'Wed, 23 Dec 2015 03:24:58 GMT',
24 verbose headers   'content-type': 'application/json; charset=utf-8',
24 verbose headers   'content-length': '718088',
24 verbose headers   connection: 'keep-alive',
24 verbose headers   etag: '"af508-l972wrd/vobm8TXa77sgrA"',
24 verbose headers   'x-readtime': '1964' }
25 silly get cb [ 200,
25 silly get   { date: 'Wed, 23 Dec 2015 03:24:58 GMT',
25 silly get     'content-type': 'application/json; charset=utf-8',
25 silly get     'content-length': '718088',
25 silly get     connection: 'keep-alive',
25 silly get     etag: '"af508-l972wrd/vobm8TXa77sgrA"',
25 silly get     'x-readtime': '1964' } ]
26 verbose get saving ionic to C:\Users\liauw\.cnpm\registry.npm.taobao.org\ionic\.cache.json
27 http 200 https://registry.npm.taobao.org/cordova
28 verbose headers { date: 'Wed, 23 Dec 2015 03:24:57 GMT',
28 verbose headers   'content-type': 'application/json; charset=utf-8',
28 verbose headers   'content-length': '483082',
28 verbose headers   connection: 'keep-alive',
28 verbose headers   etag: '"75f0a-oSaOaTG00f8BD7upTglyaw"',
28 verbose headers   'x-readtime': '609' }
29 silly get cb [ 200,
29 silly get   { date: 'Wed, 23 Dec 2015 03:24:57 GMT',
29 silly get     'content-type': 'application/json; charset=utf-8',
29 silly get     'content-length': '483082',
29 silly get     connection: 'keep-alive',
29 silly get     etag: '"75f0a-oSaOaTG00f8BD7upTglyaw"',
29 silly get     'x-readtime': '609' } ]
30 verbose get saving cordova to C:\Users\liauw\.cnpm\registry.npm.taobao.org\cordova\.cache.json
31 info outdated updating [ [ 'C:\\Program Files\\nodejs',
31 info outdated     'ionic',
31 info outdated     '1.7.10',
31 info outdated     '1.7.12',
31 info outdated     '1.7.12',
31 info outdated     'latest' ],
31 info outdated   [ 'C:\\Program Files\\nodejs',
31 info outdated     'cordova',
31 info outdated     '5.4.0',
31 info outdated     '5.4.1',
31 info outdated     '5.4.1',
31 info outdated     'latest' ] ]
32 verbose install where, what [ 'C:\\Program Files\\nodejs', [ 'ionic@1.7.12' ] ]
33 verbose install where, what [ 'C:\\Program Files\\nodejs', [ 'cordova@5.4.1' ] ]
34 verbose install initial load of C:\Program Files\nodejs\package.json
35 verbose install initial load of C:\Program Files\nodejs\package.json
36 verbose readDependencies loading dependencies from C:\Program Files\nodejs\package.json
37 verbose readDependencies loading dependencies from C:\Program Files\nodejs\package.json
38 silly cache add args [ 'ionic@1.7.12', null ]
39 verbose cache add spec ionic@1.7.12
40 silly cache add parsed spec { raw: 'ionic@1.7.12',
40 silly cache add   scope: null,
40 silly cache add   name: 'ionic',
40 silly cache add   rawSpec: '1.7.12',
40 silly cache add   spec: '1.7.12',
40 silly cache add   type: 'version' }
41 silly addNamed ionic@1.7.12
42 verbose addNamed "1.7.12" is a plain semver version for ionic
43 silly mapToRegistry name ionic
44 silly mapToRegistry using default registry
45 silly mapToRegistry registry https://registry.npm.taobao.org/
46 silly mapToRegistry uri https://registry.npm.taobao.org/ionic
47 verbose addNameVersion registry:https://registry.npm.taobao.org/ionic not in flight; fetching
48 silly cache add args [ 'cordova@5.4.1', null ]
49 verbose cache add spec cordova@5.4.1
50 silly cache add parsed spec { raw: 'cordova@5.4.1',
50 silly cache add   scope: null,
50 silly cache add   name: 'cordova',
50 silly cache add   rawSpec: '5.4.1',
50 silly cache add   spec: '5.4.1',
50 silly cache add   type: 'version' }
51 silly addNamed cordova@5.4.1
52 verbose addNamed "5.4.1" is a plain semver version for cordova
53 silly mapToRegistry name cordova
54 silly mapToRegistry using default registry
55 silly mapToRegistry registry https://registry.npm.taobao.org/
56 silly mapToRegistry uri https://registry.npm.taobao.org/cordova
57 verbose addNameVersion registry:https://registry.npm.taobao.org/cordova not in flight; fetching
58 verbose get https://registry.npm.taobao.org/ionic not expired, no request
59 verbose get https://registry.npm.taobao.org/cordova not expired, no request
60 silly mapToRegistry name ionic
61 silly mapToRegistry using default registry
62 silly mapToRegistry registry https://registry.npm.taobao.org/
63 silly mapToRegistry uri https://registry.npm.taobao.org/ionic
64 verbose addRemoteTarball https://registry.npm.taobao.org/ionic/download/ionic-1.7.12.tgz not in flight; adding
65 verbose addRemoteTarball [ 'https://registry.npm.taobao.org/ionic/download/ionic-1.7.12.tgz',
65 verbose addRemoteTarball   '87cdf5b9ff748009182a10c61bbc3a39a000fe59' ]
66 info retry fetch attempt 1 at 11:24:57
67 info attempt registry request try #1 at 11:24:57
68 http fetch GET https://registry.npm.taobao.org/ionic/download/ionic-1.7.12.tgz
69 silly mapToRegistry name cordova
70 silly mapToRegistry using default registry
71 silly mapToRegistry registry https://registry.npm.taobao.org/
72 silly mapToRegistry uri https://registry.npm.taobao.org/cordova
73 verbose addRemoteTarball https://registry.npm.taobao.org/cordova/download/cordova-5.4.1.tgz not in flight; adding
74 verbose addRemoteTarball [ 'https://registry.npm.taobao.org/cordova/download/cordova-5.4.1.tgz',
74 verbose addRemoteTarball   'bc56bc1d3c5387a7926408212dfbce59002f9d76' ]
75 info retry fetch attempt 1 at 11:24:57
76 info attempt registry request try #1 at 11:24:57
77 http fetch GET https://registry.npm.taobao.org/cordova/download/cordova-5.4.1.tgz
78 http fetch 200 https://registry.npm.taobao.org/ionic/download/ionic-1.7.12.tgz
79 http fetch 200 https://registry.npm.taobao.org/cordova/download/cordova-5.4.1.tgz
80 silly fetchAndShaCheck shasum bc56bc1d3c5387a7926408212dfbce59002f9d76
81 verbose addTmpTarball C:\Users\liauw\AppData\Local\Temp\npm-3948-1c9ab15a\registry.npm.taobao.org\cordova\download\cordova-5.4.1.tgz not in flight; adding
82 verbose addTmpTarball already have metadata; skipping unpack for cordova@5.4.1
83 silly cache afterAdd cordova@5.4.1
84 verbose afterAdd C:\Users\liauw\.cnpm\cordova\5.4.1\package\package.json not in flight; writing
85 verbose afterAdd C:\Users\liauw\.cnpm\cordova\5.4.1\package\package.json written
86 silly install resolved [ { name: 'cordova',
86 silly install resolved     version: '5.4.1',
86 silly install resolved     preferGlobal: 'true',
86 silly install resolved     description: 'Cordova command line interface tool',
86 silly install resolved     main: 'cordova',
86 silly install resolved     engines: { node: '>=0.9.9' },
86 silly install resolved     engineStrict: true,
86 silly install resolved     bin: { cordova: './bin/cordova' },
86 silly install resolved     scripts:
86 silly install resolved      { test: 'node node_modules/jasmine-node/bin/jasmine-node --captureExceptions --color spec',
86 silly install resolved        cover: 'node node_modules/istanbul/lib/cli.js cover --root src --print detail node_modules/jasmine-node/bin/jasmine-node -- spec' },
86 silly install resolved     repository:
86 silly install resolved      { type: 'git',
86 silly install resolved        url: 'https://git-wip-us.apache.org/repos/asf/cordova-cli.git' },
86 silly install resolved     bugs:
86 silly install resolved      { url: 'https://issues.apache.org/jira/browse/CB',
86 silly install resolved        email: 'dev@cordova.apache.org' },
86 silly install resolved     keywords: [ 'cordova', 'client', 'cli' ],
86 silly install resolved     dependencies:
86 silly install resolved      { ansi: '^0.3.0',
86 silly install resolved        'cordova-lib': '5.4.1',
86 silly install resolved        q: '1.0.1',
86 silly install resolved        nopt: '3.0.1',
86 silly install resolved        underscore: '1.7.0',
86 silly install resolved        'update-notifier': '^0.5.0' },
86 silly install resolved     devDependencies:
86 silly install resolved      { istanbul: '^0.3.4',
86 silly install resolved        grunt: '0.4.5',
86 silly install resolved        'grunt-retire': '0.3.7',
86 silly install resolved        'jasmine-node': '1.14.5' },
86 silly install resolved     author: { name: 'Anis Kadri' },
86 silly install resolved     contributors:
86 silly install resolved      [ [Object],
86 silly install resolved        [Object],
86 silly install resolved        [Object],
86 silly install resolved        [Object],
86 silly install resolved        [Object],
86 silly install resolved        [Object],
86 silly install resolved        [Object],
86 silly install resolved        [Object],
86 silly install resolved        [Object],
86 silly install resolved        [Object],
86 silly install resolved        [Object],
86 silly install resolved        [Object],
86 silly install resolved        [Object],
86 silly install resolved        [Object],
86 silly install resolved        [Object],
86 silly install resolved        [Object],
86 silly install resolved        [Object],
86 silly install resolved        [Object],
86 silly install resolved        [Object],
86 silly install resolved        [Object],
86 silly install resolved        [Object],
86 silly install resolved        [Object],
86 silly install resolved        [Object],
86 silly install resolved        [Object] ],
86 silly install resolved     license: 'Apache version 2.0',
86 silly install resolved     _id: 'cordova@5.4.1',
86 silly install resolved     _shasum: 'bc56bc1d3c5387a7926408212dfbce59002f9d76',
86 silly install resolved     _resolved: 'https://registry.npm.taobao.org/cordova/download/cordova-5.4.1.tgz',
86 silly install resolved     _from: 'cordova@5.4.1',
86 silly install resolved     _npmVersion: '3.3.12',
86 silly install resolved     _nodeVersion: '5.0.0',
86 silly install resolved     _npmUser: { name: 'stevegill', email: 'stevengill97@gmail.com' },
86 silly install resolved     dist:
86 silly install resolved      { shasum: 'bc56bc1d3c5387a7926408212dfbce59002f9d76',
86 silly install resolved        size: 81817,
86 silly install resolved        noattachment: false,
86 silly install resolved        tarball: 'http://registry.npm.taobao.org/cordova/download/cordova-5.4.1.tgz' },
86 silly install resolved     maintainers:
86 silly install resolved      [ [Object],
86 silly install resolved        [Object],
86 silly install resolved        [Object],
86 silly install resolved        [Object],
86 silly install resolved        [Object],
86 silly install resolved        [Object],
86 silly install resolved        [Object],
86 silly install resolved        [Object],
86 silly install resolved        [Object],
86 silly install resolved        [Object],
86 silly install resolved        [Object],
86 silly install resolved        [Object],
86 silly install resolved        [Object],
86 silly install resolved        [Object],
86 silly install resolved        [Object],
86 silly install resolved        [Object],
86 silly install resolved        [Object],
86 silly install resolved        [Object] ],
86 silly install resolved     directories: {},
86 silly install resolved     publish_time: 1448467914889,
86 silly install resolved     _cnpm_publish_time: 1448467914889 } ]
87 info install cordova@5.4.1 into C:\Program Files\nodejs
88 info installOne cordova@5.4.1
89 verbose installOne of cordova to C:\Program Files\nodejs not in flight; installing
90 verbose lock using C:\Users\liauw\.cnpm\_locks\cordova-604438d42cef44a9.lock for C:\Program Files\nodejs\node_modules\cordova
91 silly install write writing cordova 5.4.1 to C:\Program Files\nodejs\node_modules\cordova
92 verbose unbuild node_modules\cordova
93 info preuninstall cordova@5.4.0
94 info uninstall cordova@5.4.0
95 verbose unbuild rmStuff cordova@5.4.0 from C:\Program Files\nodejs\node_modules
96 silly gentlyRm C:\Program Files\nodejs\cordova.cmd is being gently removed
97 silly gentlyRm verifying C:\Program Files\nodejs is an npm working directory
98 silly gentlyRm containing path C:\Program Files\nodejs is under npm's control, in C:\Program Files\nodejs
99 silly gentlyRm deletion target C:\Program Files\nodejs\cordova.cmd is under C:\Program Files\nodejs
100 verbose gentlyRm vacuuming from C:\Program Files\nodejs\cordova.cmd up to C:\Program Files\nodejs
101 silly vacuum-fs removing C:\Program Files\nodejs\cordova.cmd
102 verbose unlock done using C:\Users\liauw\.cnpm\_locks\cordova-604438d42cef44a9.lock for C:\Program Files\nodejs\node_modules\cordova
103 silly fetchAndShaCheck shasum 87cdf5b9ff748009182a10c61bbc3a39a000fe59
104 verbose addTmpTarball C:\Users\liauw\AppData\Local\Temp\npm-3948-1c9ab15a\registry.npm.taobao.org\ionic\download\ionic-1.7.12.tgz not in flight; adding
105 verbose addTmpTarball already have metadata; skipping unpack for ionic@1.7.12
106 silly cache afterAdd ionic@1.7.12
107 verbose afterAdd C:\Users\liauw\.cnpm\ionic\1.7.12\package\package.json not in flight; writing
108 verbose afterAdd C:\Users\liauw\.cnpm\ionic\1.7.12\package\package.json written
109 silly install resolved [ { name: 'ionic',
109 silly install resolved     version: '1.7.12',
109 silly install resolved     preferGlobal: true,
109 silly install resolved     description: 'A tool for creating and developing Ionic Framework mobile apps.',
109 silly install resolved     homepage: 'http://ionicframework.com/',
109 silly install resolved     bin: { ionic: 'bin/ionic' },
109 silly install resolved     scripts:
109 silly install resolved      { bump: 'node lib/tasks/bumpversion',
109 silly install resolved        'beta-bump': 'node lib/tasks/bumpversion --level pre --identifier beta',
109 silly install resolved        'publish-release': 'node lib/tasks/bumpversion --npmPublish',
109 silly install resolved        'publish-tag': 'node lib/tasks/bumpversion --level beta --npmPublishTag',
109 silly install resolved        'full-release': 'node lib/tasks/bumpversion --npmInstall --git --npmPublish',
109 silly install resolved        test: 'npm run jasmine',
109 silly install resolved        e2e: 'jasmine-node --captureExceptions ./e2e',
109 silly install resolved        jasmine: 'jasmine-node --captureExceptions  ./spec' },
109 silly install resolved     keywords:
109 silly install resolved      [ 'ionic',
109 silly install resolved        'ionic framework',
109 silly install resolved        'ionicframework',
109 silly install resolved        'mobile',
109 silly install resolved        'app',
109 silly install resolved        'hybrid',
109 silly install resolved        'cordova',
109 silly install resolved        'phonegap' ],
109 silly install resolved     repository:
109 silly install resolved      { type: 'git',
109 silly install resolved        url: 'git+https://github.com/driftyco/ionic-cli.git' },
109 silly install resolved     contributors: [ [Object], [Object], [Object], [Object] ],
109 silly install resolved     license: 'MIT',
109 silly install resolved     dependencies:
109 silly install resolved      { async: '^0.9.0',
109 silly install resolved        cheerio: '^0.19.0',
109 silly install resolved        'cli-table': '^0.3.1',
109 silly install resolved        colors: '0.6.2',
109 silly install resolved        connect: '3.1.1',
109 silly install resolved        'connect-livereload': '0.5.2',
109 silly install resolved        crc: '3.2.1',
109 silly install resolved        'cross-spawn': '0.2.3',
109 silly install resolved        'event-stream': '3.0.x',
109 silly install resolved        'expand-tilde': '^1.2.0',
109 silly install resolved        finalhandler: '0.2.0',
109 silly install resolved        'form-data': '0.1.4',
109 silly install resolved        gulp: '3.8.8',
109 silly install resolved        'ionic-app-lib': '0.6.5',
109 silly install resolved        moment: '^2.10.6',
109 silly install resolved        ncp: '0.4.2',
109 silly install resolved        npm: '2.1.3',
109 silly install resolved        open: '0.0.5',
109 silly install resolved        optimist: '0.6.0',
109 silly install resolved        progress: '1.1.7',
109 silly install resolved        prompt: '0.2.12',
109 silly install resolved        'proxy-middleware': '^0.7.0',
109 silly install resolved        q: '1.0.1',
109 silly install resolved        request: '2.51.0',
109 silly install resolved        semver: '^4.2.0',
109 silly install resolved        'serve-static': '1.7.1',
109 silly install resolved        shelljs: '0.2.6',
109 silly install resolved        'tiny-lr-fork': '0.0.5',
109 silly install resolved        underscore: '~1.7.0',
109 silly install resolved        unzip: '0.1.9',
109 silly install resolved        'vinyl-fs': '0.3.7',
109 silly install resolved        xml2js: '0.4.4' },
109 silly install resolved     devDependencies: { 'jasmine-node': '^1.14.5', rewire: '^2.3.4' },
109 silly install resolved     gitHead: 'bf34d713fe6d6bc3c31c40c211bccb77579c2457',
109 silly install resolved     bugs: { url: 'https://github.com/driftyco/ionic-cli/issues' },
109 silly install resolved     bundleDependencies:
109 silly install resolved      [ 'async',
109 silly install resolved        'cheerio',
109 silly install resolved        'cli-table',
109 silly install resolved        'colors',
109 silly install resolved        'connect',
109 silly install resolved        'connect-livereload',
109 silly install resolved        'crc',
109 silly install resolved        'cross-spawn',
109 silly install resolved        'event-stream',
109 silly install resolved        'expand-tilde',
109 silly install resolved        'finalhandler',
109 silly install resolved        'form-data',
109 silly install resolved        'gulp',
109 silly install resolved        'ionic-app-lib',
109 silly install resolved        'moment',
109 silly install resolved        'ncp',
109 silly install resolved        'npm',
109 silly install resolved        'open',
109 silly install resolved        'optimist',
109 silly install resolved        'progress',
109 silly install resolved        'prompt',
109 silly install resolved        'proxy-middleware',
109 silly install resolved        'q',
109 silly install resolved        'request',
109 silly install resolved        'semver',
109 silly install resolved        'serve-static',
109 silly install resolved        'shelljs',
109 silly install resolved        'tiny-lr-fork',
109 silly install resolved        'underscore',
109 silly install resolved        'unzip',
109 silly install resolved        'vinyl-fs',
109 silly install resolved        'xml2js' ],
109 silly install resolved     _id: 'ionic@1.7.12',
109 silly install resolved     _shasum: '87cdf5b9ff748009182a10c61bbc3a39a000fe59',
109 silly install resolved     _from: 'ionic@1.7.12',
109 silly install resolved     _npmVersion: '2.10.1',
109 silly install resolved     _nodeVersion: '0.12.4',
109 silly install resolved     _npmUser: { name: 'tlancina', email: 'tim@ionic.io' },
109 silly install resolved     dist:
109 silly install resolved      { shasum: '87cdf5b9ff748009182a10c61bbc3a39a000fe59',
109 silly install resolved        size: 29532775,
109 silly install resolved        noattachment: false,
109 silly install resolved        tarball: 'http://registry.npm.taobao.org/ionic/download/ionic-1.7.12.tgz' },
109 silly install resolved     maintainers: [ [Object], [Object], [Object], [Object], [Object] ],
109 silly install resolved     directories: {},
109 silly install resolved     publish_time: 1450112332008,
109 silly install resolved     _cnpm_publish_time: 1450112332008,
109 silly install resolved     _resolved: 'https://registry.npm.taobao.org/ionic/download/ionic-1.7.12.tgz' } ]
110 info install ionic@1.7.12 into C:\Program Files\nodejs
111 info installOne ionic@1.7.12
112 verbose installOne of ionic to C:\Program Files\nodejs not in flight; installing
113 verbose lock using C:\Users\liauw\.cnpm\_locks\ionic-ff7c25e54bdc27b8.lock for C:\Program Files\nodejs\node_modules\ionic
114 silly install write writing ionic 1.7.12 to C:\Program Files\nodejs\node_modules\ionic
115 verbose unbuild node_modules\ionic
116 info preuninstall ionic@1.7.10
117 info uninstall ionic@1.7.10
118 verbose unbuild rmStuff ionic@1.7.10 from C:\Program Files\nodejs\node_modules
119 silly gentlyRm C:\Program Files\nodejs\ionic.cmd is being gently removed
120 silly gentlyRm verifying C:\Program Files\nodejs is an npm working directory
121 silly gentlyRm containing path C:\Program Files\nodejs is under npm's control, in C:\Program Files\nodejs
122 silly gentlyRm deletion target C:\Program Files\nodejs\ionic.cmd is under C:\Program Files\nodejs
123 verbose gentlyRm vacuuming from C:\Program Files\nodejs\ionic.cmd up to C:\Program Files\nodejs
124 silly vacuum-fs removing C:\Program Files\nodejs\ionic.cmd
125 verbose unlock done using C:\Users\liauw\.cnpm\_locks\ionic-ff7c25e54bdc27b8.lock for C:\Program Files\nodejs\node_modules\ionic
126 verbose stack Error: EPERM, unlink 'C:\Program Files\nodejs\cordova.cmd'
126 verbose stack     at Error (native)
127 verbose cwd F:\H5Workstation\TotallySell
128 error Windows_NT 6.3.9600
129 error argv "node" "C:\\Users\\liauw\\AppData\\Roaming\\npm\\node_modules\\cnpm\\node_modules\\npm\\bin\\npm-cli.js" "--userconfig=C:\\Users\\liauw\\.cnpmrc" "--disturl=https://npm.taobao.org/mirrors/node" "--cache=C:\\Users\\liauw\\.cnpm" "--registry=https://registry.npm.taobao.org" "--node-gyp=C:\\Users\\liauw\\AppData\\Roaming\\npm\\node_modules\\cnpm\\node_modules\\node-gyp\\bin\\node-gyp.js" "update" "-g" "cordova" "ionic"
130 error node v0.12.7
131 error npm  v2.14.12
132 error path C:\Program Files\nodejs\cordova.cmd
133 error code EPERM
134 error errno -4048
135 error Error: EPERM, unlink 'C:\Program Files\nodejs\cordova.cmd'
135 error     at Error (native)
135 error  { [Error: EPERM, unlink 'C:\Program Files\nodejs\cordova.cmd']
135 error   errno: -4048,
135 error   code: 'EPERM',
135 error   path: 'C:\\Program Files\\nodejs\\cordova.cmd' }
136 error Please try running this command again as root/Administrator.
137 verbose exit [ -4048, true ]
138 verbose unbuild node_modules\cordova
139 info preuninstall cordova@5.4.0
140 info uninstall cordova@5.4.0
141 verbose unbuild rmStuff cordova@5.4.0 from C:\Program Files\nodejs\node_modules
142 silly gentlyRm C:\Program Files\nodejs\cordova.cmd is being gently removed
143 silly gentlyRm verifying C:\Program Files\nodejs is an npm working directory
144 silly gentlyRm containing path C:\Program Files\nodejs is under npm's control, in C:\Program Files\nodejs
145 silly gentlyRm deletion target C:\Program Files\nodejs\cordova.cmd is under C:\Program Files\nodejs
146 verbose gentlyRm vacuuming from C:\Program Files\nodejs\cordova.cmd up to C:\Program Files\nodejs
147 silly vacuum-fs removing C:\Program Files\nodejs\cordova.cmd
148 error error rolling back Error: EPERM, unlink 'C:\Program Files\nodejs\cordova.cmd'
148 error error rolling back     at Error (native)
148 error error rolling back  { [Error: EPERM, unlink 'C:\Program Files\nodejs\cordova.cmd']
148 error error rolling back   errno: -4048,
148 error error rolling back   code: 'EPERM',
148 error error rolling back   path: 'C:\\Program Files\\nodejs\\cordova.cmd' }
